<?xml version="1.0" encoding="UTF-8"?>
<!-- Generated by org.testng.reporters.JUnitXMLReporter -->
<testsuite hostname="DESKTOP-GM181MI" name="Default test" tests="2" failures="0" timestamp="25 May 2019 06:23:28 GMT" time="5.439" errors="0">
  <testcase name="validateCreateCustomerAPIWithInvalidSecretKey" time="3.353" classname="com.w2a.API_Batch4_Rest_AFramework.testcases.SampleTestCase"/>
  <testcase name="validateCreateCustomerAPIWithvalidSecretKey" time="1.978" classname="com.w2a.API_Batch4_Rest_AFramework.testcases.SampleTestCase"/>
</testsuite> <!-- Default test -->
